<?xml version="1.0" encoding="UTF-8"?>
<!-- Generated by org.testng.reporters.JUnitReportReporter -->
<testsuite skipped="0" hostname="DESKTOP-4TDS3NT" name="hello.Good" tests="1" failures="0" timestamp="24 Jun 2017 20:06:43 GMT" time="0.007" errors="0">
  <testcase name="f" time="0.007" classname="hello.Good"/>
</testsuite> <!-- hello.Good -->
